TN:
SF:src/Add_Result_to_Wishlist.tsx
FN:14,WishlistButton
FN:22,(anonymous_1)
FN:66,(anonymous_2)
FN:72,(anonymous_3)
FN:94,(anonymous_4)
FNF:5
FNH:3
FNDA:9,WishlistButton
FNDA:3,(anonymous_1)
FNDA:3,(anonymous_2)
FNDA:0,(anonymous_3)
FNDA:0,(anonymous_4)
DA:5,1
DA:8,1
DA:16,9
DA:17,9
DA:18,9
DA:19,9
DA:22,9
DA:23,3
DA:24,3
DA:26,3
DA:27,3
DA:28,3
DA:30,3
DA:31,3
DA:33,3
DA:34,1
DA:35,1
DA:36,1
DA:39,2
DA:51,3
DA:52,3
DA:53,3
DA:56,0
DA:57,0
DA:58,0
DA:60,3
DA:66,9
DA:67,3
DA:72,9
DA:73,0
DA:74,0
DA:76,0
DA:82,0
DA:84,0
DA:85,0
DA:86,0
DA:88,0
DA:94,9
DA:95,0
DA:96,0
DA:99,0
DA:100,0
DA:102,0
DA:103,0
DA:104,0
DA:106,0
DA:110,0
DA:115,9
LF:48
LH:28
BRDA:28,0,0,0
BRDA:28,0,1,3
BRDA:31,1,0,2
BRDA:31,1,1,1
BRDA:31,2,0,3
BRDA:31,2,1,3
BRDA:33,3,0,1
BRDA:33,3,1,2
BRDA:40,4,0,2
BRDA:40,4,1,0
BRDA:41,5,0,3
BRDA:41,5,1,0
BRDA:42,6,0,3
BRDA:42,6,1,0
BRDA:43,7,0,3
BRDA:43,7,1,0
BRDA:44,8,0,3
BRDA:44,8,1,0
BRDA:45,9,0,3
BRDA:45,9,1,0
BRDA:46,10,0,3
BRDA:46,10,1,0
BRDA:47,11,0,3
BRDA:47,11,1,0
BRDA:56,12,0,0
BRDA:56,12,1,0
BRDA:82,13,0,0
BRDA:82,13,1,0
BRDA:88,14,0,0
BRDA:88,14,1,0
BRDA:99,15,0,0
BRDA:99,15,1,0
BRDA:99,16,0,0
BRDA:99,16,1,0
BRDA:103,17,0,0
BRDA:103,17,1,0
BRDA:135,18,0,1
BRDA:135,18,1,7
BRDA:146,19,0,1
BRDA:146,19,1,7
BRDA:146,20,0,9
BRDA:146,20,1,2
BRDA:146,20,2,2
BRDA:148,21,0,1
BRDA:148,21,1,6
BRDA:148,22,0,7
BRDA:148,22,1,1
BRDA:161,23,0,9
BRDA:161,23,1,5
BRDA:168,24,0,9
BRDA:168,24,1,2
BRDA:168,24,2,2
BRDA:168,24,3,2
BRF:53
BRH:32
end_of_record
TN:
SF:src/App.tsx
FN:12,App
FNF:1
FNH:1
FNDA:1,App
DA:13,1
LF:1
LH:1
BRF:0
BRH:0
end_of_record
TN:
SF:src/Book_display.tsx
FN:10,Book_display
FN:16,add_book_to_library
FN:17,(anonymous_2)
FN:62,add_book_to_wishlist
FN:63,(anonymous_4)
FN:106,(anonymous_5)
FNF:6
FNH:6
FNDA:17,Book_display
FNDA:15,add_book_to_library
FNDA:2,(anonymous_2)
FNDA:15,add_book_to_wishlist
FNDA:2,(anonymous_4)
FNDA:15,(anonymous_5)
DA:6,3
DA:11,17
DA:12,17
DA:17,15
DA:18,2
DA:21,2
DA:32,2
DA:34,2
DA:43,2
DA:44,1
DA:45,1
DA:46,1
DA:49,1
DA:51,1
DA:52,1
DA:55,1
DA:57,0
DA:58,0
DA:63,15
DA:64,2
DA:65,2
DA:67,2
DA:78,2
DA:79,2
DA:85,2
DA:87,1
DA:88,1
DA:89,1
DA:91,1
DA:96,17
DA:108,15
LF:31
LH:29
BRDA:22,0,0,2
BRDA:22,0,1,0
BRDA:23,1,0,2
BRDA:23,1,1,0
BRDA:24,2,0,2
BRDA:24,2,1,0
BRDA:25,3,0,2
BRDA:25,3,1,0
BRDA:26,4,0,2
BRDA:26,4,1,2
BRDA:27,5,0,2
BRDA:27,5,1,2
BRDA:28,6,0,2
BRDA:28,6,1,2
BRDA:29,7,0,2
BRDA:29,7,1,2
BRDA:43,8,0,1
BRDA:43,8,1,1
BRDA:45,9,0,1
BRDA:45,9,1,0
BRDA:49,10,0,0
BRDA:49,10,1,1
BRDA:58,11,0,0
BRDA:58,11,1,0
BRDA:68,12,0,2
BRDA:68,12,1,0
BRDA:69,13,0,2
BRDA:69,13,1,0
BRDA:70,14,0,2
BRDA:70,14,1,0
BRDA:71,15,0,2
BRDA:71,15,1,0
BRDA:72,16,0,2
BRDA:72,16,1,2
BRDA:73,17,0,2
BRDA:73,17,1,2
BRDA:74,18,0,2
BRDA:74,18,1,2
BRDA:75,19,0,2
BRDA:75,19,1,2
BRDA:85,20,0,1
BRDA:85,20,1,1
BRDA:91,21,0,1
BRDA:91,21,1,0
BRDA:102,22,0,17
BRDA:102,22,1,8
BRDA:103,23,0,14
BRDA:103,23,1,3
BRDA:115,24,0,0
BRDA:115,24,1,15
BRDA:119,25,0,15
BRDA:119,25,1,0
BRF:52
BRH:37
end_of_record
TN:
SF:src/Buddy_Recommendation.tsx
FN:14,Buddy
FN:42,(anonymous_1)
FN:56,(anonymous_2)
FN:65,(anonymous_3)
FN:81,(anonymous_4)
FN:109,(anonymous_5)
FN:110,(anonymous_6)
FN:133,(anonymous_7)
FN:205,(anonymous_8)
FN:217,(anonymous_9)
FN:229,(anonymous_10)
FN:241,(anonymous_11)
FN:253,(anonymous_12)
FN:265,(anonymous_13)
FNF:14
FNH:4
FNDA:2,Buddy
FNDA:0,(anonymous_1)
FNDA:1,(anonymous_2)
FNDA:0,(anonymous_3)
FNDA:0,(anonymous_4)
FNDA:1,(anonymous_5)
FNDA:1,(anonymous_6)
FNDA:0,(anonymous_7)
FNDA:0,(anonymous_8)
FNDA:0,(anonymous_9)
FNDA:0,(anonymous_10)
FNDA:0,(anonymous_11)
FNDA:0,(anonymous_12)
FNDA:0,(anonymous_13)
DA:16,2
DA:19,2
DA:21,2
DA:22,2
DA:23,2
DA:24,2
DA:25,2
DA:26,2
DA:28,2
DA:30,2
DA:32,2
DA:34,2
DA:39,2
DA:42,2
DA:44,0
DA:46,0
DA:48,0
DA:49,0
DA:52,0
DA:56,2
DA:57,1
DA:59,1
DA:60,1
DA:61,1
DA:63,0
DA:65,0
DA:66,0
DA:69,0
DA:71,0
DA:73,0
DA:75,0
DA:76,0
DA:77,0
DA:81,0
DA:84,0
DA:85,0
DA:88,1
DA:89,1
DA:92,2
DA:93,2
DA:96,2
DA:97,10
DA:98,10
DA:99,10
DA:100,10
DA:104,2
DA:105,2
DA:109,2
DA:110,1
DA:111,1
DA:112,1
DA:113,1
DA:114,1
DA:116,1
DA:119,2
DA:127,2
DA:133,2
DA:134,0
DA:137,0
DA:145,0
DA:146,0
DA:148,0
DA:151,0
DA:152,0
DA:153,0
DA:154,0
DA:155,0
DA:156,0
DA:157,0
DA:163,0
DA:164,0
DA:165,0
DA:168,0
DA:170,0
DA:173,0
DA:175,0
DA:179,0
DA:181,0
DA:182,0
DA:187,0
DA:190,2
DA:205,0
DA:217,0
DA:229,0
DA:241,0
DA:253,0
DA:265,0
LF:87
LH:41
BRDA:46,0,0,0
BRDA:46,0,1,0
BRDA:60,1,0,1
BRDA:60,1,1,0
BRDA:75,2,0,0
BRDA:75,2,1,0
BRDA:81,3,0,0
BRDA:81,3,1,0
BRDA:88,4,0,1
BRDA:88,4,1,0
BRDA:98,5,0,10
BRDA:98,5,1,0
BRDA:122,6,0,2
BRDA:123,7,0,2
BRDA:124,8,0,2
BRDA:125,9,0,2
BRDA:126,10,0,2
BRDA:137,11,0,0
BRDA:137,11,1,0
BRDA:138,12,0,0
BRDA:138,12,1,0
BRDA:138,12,2,0
BRDA:138,12,3,0
BRDA:138,12,4,0
BRDA:138,12,5,0
BRDA:168,13,0,0
BRDA:168,13,1,0
BRDA:168,14,0,0
BRDA:168,14,1,0
BRF:29
BRH:8
end_of_record
TN:
SF:src/Library.tsx
FN:12,norm
FN:17,compareStr
FN:31,Library
FN:43,(anonymous_3)
FN:48,(anonymous_4)
FN:49,(anonymous_5)
FN:66,(anonymous_6)
FN:69,(anonymous_7)
FN:70,(anonymous_8)
FN:99,(anonymous_9)
FN:118,(anonymous_10)
FN:137,(anonymous_11)
FN:148,(anonymous_12)
FN:149,(anonymous_13)
FN:164,(anonymous_14)
FN:170,(anonymous_15)
FN:180,(anonymous_16)
FNF:17
FNH:15
FNDA:26,norm
FNDA:13,compareStr
FNDA:14,Library
FNDA:11,(anonymous_3)
FNDA:6,(anonymous_4)
FNDA:6,(anonymous_5)
FNDA:11,(anonymous_6)
FNDA:11,(anonymous_7)
FNDA:13,(anonymous_8)
FNDA:11,(anonymous_9)
FNDA:1,(anonymous_10)
FNDA:1,(anonymous_11)
FNDA:1,(anonymous_12)
FNDA:1,(anonymous_13)
FNDA:0,(anonymous_14)
FNDA:11,(anonymous_15)
FNDA:0,(anonymous_16)
DA:13,26
DA:22,13
DA:23,13
DA:24,13
DA:25,13
DA:26,13
DA:27,13
DA:28,13
DA:32,14
DA:34,14
DA:35,14
DA:36,14
DA:39,14
DA:40,14
DA:43,14
DA:44,11
DA:48,14
DA:49,6
DA:50,6
DA:51,6
DA:52,4
DA:54,2
DA:55,1
DA:56,1
DA:58,1
DA:60,6
DA:66,14
DA:68,11
DA:69,11
DA:72,13
DA:73,13
DA:75,5
DA:76,5
DA:78,8
DA:79,8
DA:81,0
DA:86,0
DA:88,13
DA:91,0
DA:92,0
DA:93,0
DA:94,0
DA:97,0
DA:99,11
DA:102,14
DA:103,6
DA:111,7
DA:112,1
DA:118,1
DA:125,6
DA:137,1
DA:149,1
DA:164,0
DA:171,11
DA:181,0
LF:55
LH:46
BRDA:13,0,0,26
BRDA:13,0,1,0
BRDA:20,1,0,13
BRDA:24,2,0,0
BRDA:24,2,1,13
BRDA:24,3,0,13
BRDA:24,3,1,0
BRDA:25,4,0,0
BRDA:25,4,1,13
BRDA:26,5,0,0
BRDA:26,5,1,13
BRDA:28,6,0,9
BRDA:28,6,1,4
BRDA:44,7,0,2
BRDA:44,7,1,9
BRDA:52,8,0,3
BRDA:52,8,1,1
BRDA:54,9,0,1
BRDA:54,9,1,1
BRDA:58,10,0,1
BRDA:58,10,1,0
BRDA:73,11,0,5
BRDA:73,11,1,8
BRDA:73,11,2,0
BRDA:88,12,0,13
BRDA:88,12,1,0
BRDA:92,13,0,0
BRDA:92,13,1,0
BRDA:94,14,0,0
BRDA:94,14,1,0
BRDA:102,15,0,6
BRDA:102,15,1,8
BRDA:111,16,0,1
BRDA:111,16,1,6
BRDA:149,17,0,1
BRDA:149,17,1,0
BRDA:152,18,0,5
BRDA:152,18,1,1
BRDA:154,19,0,5
BRDA:154,19,1,1
BRDA:156,20,0,5
BRDA:156,20,1,1
BRDA:161,21,0,2
BRDA:161,21,1,4
BRDA:179,22,0,11
BRDA:179,22,1,0
BRDA:195,23,0,11
BRDA:195,23,1,0
BRDA:199,24,0,11
BRDA:199,24,1,11
BRDA:200,25,0,11
BRDA:200,25,1,9
BRDA:200,25,2,2
BRDA:206,26,0,2
BRDA:206,26,1,2
BRDA:209,27,0,2
BRDA:209,27,1,2
BRDA:172,28,0,11
BRDA:172,28,1,9
BRF:59
BRH:44
end_of_record
TN:
SF:src/Search.tsx
FN:7,Search
FN:12,(anonymous_1)
FN:38,(anonymous_2)
FNF:3
FNH:1
FNDA:2,Search
FNDA:0,(anonymous_1)
FNDA:0,(anonymous_2)
DA:5,2
DA:8,2
DA:9,2
DA:10,2
DA:12,2
DA:13,0
DA:14,0
DA:17,0
DA:18,0
DA:20,0
DA:22,0
DA:23,0
DA:24,0
DA:27,0
DA:30,2
DA:38,0
LF:16
LH:6
BRDA:18,0,0,0
BRDA:18,0,1,0
BRDA:22,1,0,0
BRDA:22,1,1,0
BRDA:22,2,0,0
BRDA:22,2,1,0
BRF:6
BRH:0
end_of_record
TN:
SF:src/WishBook.tsx
FN:7,WishWishBook
FN:16,(anonymous_1)
FN:23,(anonymous_2)
FN:24,(anonymous_3)
FN:58,(anonymous_4)
FN:73,(anonymous_5)
FN:78,(anonymous_6)
FN:86,(anonymous_7)
FNF:8
FNH:3
FNDA:4,WishWishBook
FNDA:0,(anonymous_1)
FNDA:2,(anonymous_2)
FNDA:2,(anonymous_3)
FNDA:0,(anonymous_4)
FNDA:0,(anonymous_5)
FNDA:0,(anonymous_6)
FNDA:0,(anonymous_7)
DA:9,4
DA:11,4
DA:12,4
DA:13,4
DA:16,4
DA:17,0
DA:23,4
DA:24,2
DA:25,2
DA:26,2
DA:27,0
DA:30,2
DA:31,0
DA:32,0
DA:35,2
DA:37,2
DA:43,4
DA:44,2
DA:52,1
DA:53,1
DA:58,0
DA:64,0
DA:73,0
DA:80,0
DA:86,0
LF:25
LH:16
BRDA:17,0,0,0
BRDA:17,0,1,0
BRDA:27,1,0,0
BRDA:27,1,1,0
BRDA:30,2,0,0
BRDA:30,2,1,2
BRDA:35,3,0,2
BRDA:35,3,1,0
BRDA:43,4,0,2
BRDA:43,4,1,2
BRDA:52,5,0,1
BRDA:52,5,1,0
BRDA:70,6,0,0
BRDA:70,6,1,0
BRDA:85,7,0,0
BRDA:85,7,1,0
BRDA:92,8,0,0
BRDA:92,8,1,0
BRDA:94,9,0,0
BRDA:94,9,1,0
BRDA:94,10,0,0
BRDA:94,10,1,0
BRDA:94,10,2,0
BRDA:98,11,0,0
BRDA:98,11,1,0
BRDA:99,12,0,0
BRDA:99,12,1,0
BRDA:80,13,0,0
BRDA:80,13,1,0
BRF:29
BRH:5
end_of_record
TN:
SF:src/api.ts
FN:15,ping
FN:24,addAccount
FN:35,(anonymous_2)
FN:45,addLogin
FN:63,getAccount
FN:72,getAccountById
FN:84,getMyLibrary
FN:97,getMyWishBook
FN:110,addBook
FN:141,SendQeustions
FN:150,(anonymous_10)
FNF:11
FNH:6
FNDA:0,ping
FNDA:2,addAccount
FNDA:0,(anonymous_2)
FNDA:0,addLogin
FNDA:2,getAccount
FNDA:2,getAccountById
FNDA:3,getMyLibrary
FNDA:5,getMyWishBook
FNDA:2,addBook
FNDA:0,SendQeustions
FNDA:0,(anonymous_10)
DA:10,3
DA:16,0
DA:17,0
DA:18,0
DA:25,2
DA:34,2
DA:35,1
DA:36,1
DA:39,1
DA:46,0
DA:55,0
DA:56,0
DA:57,0
DA:64,2
DA:65,2
DA:66,1
DA:73,2
DA:77,2
DA:78,1
DA:85,3
DA:89,3
DA:90,2
DA:91,1
DA:98,5
DA:102,3
DA:103,2
DA:104,1
DA:111,2
DA:117,2
DA:118,1
DA:142,0
DA:149,0
DA:150,0
DA:151,0
DA:153,0
DA:154,0
DA:155,0
DA:157,0
DA:158,0
LF:39
LH:23
BRDA:17,0,0,0
BRDA:17,0,1,0
BRDA:34,1,0,1
BRDA:34,1,1,1
BRDA:36,2,0,1
BRDA:36,2,1,0
BRDA:55,3,0,0
BRDA:55,3,1,0
BRDA:65,4,0,1
BRDA:65,4,1,1
BRDA:77,5,0,1
BRDA:77,5,1,1
BRDA:89,6,0,1
BRDA:89,6,1,2
BRDA:89,7,0,3
BRDA:89,7,1,2
BRDA:90,8,0,1
BRDA:90,8,1,1
BRDA:102,9,0,1
BRDA:102,9,1,2
BRDA:102,10,0,3
BRDA:102,10,1,3
BRDA:103,11,0,1
BRDA:103,11,1,1
BRDA:117,12,0,1
BRDA:117,12,1,1
BRDA:149,13,0,0
BRDA:149,13,1,0
BRDA:151,14,0,0
BRDA:151,14,1,0
BRDA:154,15,0,0
BRDA:154,15,1,0
BRDA:154,16,0,0
BRDA:154,16,1,0
BRF:34
BRH:21
end_of_record
TN:
SF:src/login.tsx
FN:7,(anonymous_0)
FN:13,(anonymous_1)
FN:17,(anonymous_2)
FNF:3
FNH:3
FNDA:7,(anonymous_0)
FNDA:4,(anonymous_1)
FNDA:1,(anonymous_2)
DA:7,2
DA:8,7
DA:9,7
DA:10,7
DA:11,7
DA:13,7
DA:14,4
DA:17,7
DA:18,1
DA:19,1
DA:20,1
DA:21,1
DA:22,1
DA:23,1
DA:25,0
DA:27,1
DA:31,7
LF:17
LH:16
BRDA:25,0,0,0
BRDA:25,0,1,0
BRDA:50,1,0,7
BRDA:50,1,1,0
BRDA:96,2,0,2
BRDA:96,2,1,5
BRF:6
BRH:3
end_of_record
TN:
SF:src/signup.tsx
FN:8,(anonymous_0)
FN:15,(anonymous_1)
FN:24,(anonymous_2)
FNF:3
FNH:3
FNDA:17,(anonymous_0)
FNDA:9,(anonymous_1)
FNDA:3,(anonymous_2)
DA:8,2
DA:9,17
DA:10,17
DA:11,17
DA:12,17
DA:13,17
DA:15,17
DA:16,9
DA:17,9
DA:18,3
DA:20,6
DA:24,17
DA:25,3
DA:26,3
DA:28,3
DA:29,0
DA:30,0
DA:32,3
DA:33,1
DA:34,1
DA:37,2
DA:38,2
DA:39,2
DA:40,1
DA:42,1
DA:44,2
DA:48,17
LF:27
LH:25
BRDA:17,0,0,3
BRDA:17,0,1,6
BRDA:28,1,0,0
BRDA:28,1,1,3
BRDA:32,2,0,1
BRDA:32,2,1,2
BRDA:42,3,0,1
BRDA:42,3,1,0
BRDA:196,4,0,17
BRDA:196,4,1,2
BRDA:256,5,0,0
BRDA:256,5,1,17
BRF:12
BRH:9
end_of_record
TN:
SF:src/Styling/Book_loading.css
FNF:0
FNH:0
LF:0
LH:0
BRF:0
BRH:0
end_of_record
TN:
SF:src/Styling/Buddy_Recommendation.css
FNF:0
FNH:0
LF:0
LH:0
BRF:0
BRH:0
end_of_record
TN:
SF:src/Styling/signup.css
FNF:0
FNH:0
LF:0
LH:0
BRF:0
BRH:0
end_of_record
TN:
SF:src/components/Layout.tsx
FN:7,Layout
FNF:1
FNH:1
FNDA:1,Layout
DA:8,1
LF:1
LH:1
BRF:0
BRH:0
end_of_record
TN:
SF:src/components/Library.css
FNF:0
FNH:0
LF:0
LH:0
BRF:0
BRH:0
end_of_record
TN:
SF:src/components/Searchpage.css
FNF:0
FNH:0
LF:0
LH:0
BRF:0
BRH:0
end_of_record
TN:
SF:src/components/Sidebar.css
FNF:0
FNH:0
LF:0
LH:0
BRF:0
BRH:0
end_of_record
TN:
SF:src/components/Sidebar.tsx
FN:7,Sidebar
FN:28,(anonymous_1)
FN:28,(anonymous_2)
FN:38,(anonymous_3)
FN:43,(anonymous_4)
FN:47,(anonymous_5)
FNF:6
FNH:6
FNDA:8,Sidebar
FNDA:3,(anonymous_1)
FNDA:3,(anonymous_2)
FNDA:40,(anonymous_3)
FNDA:45,(anonymous_4)
FNDA:1,(anonymous_5)
DA:9,8
DA:12,8
DA:22,8
DA:28,3
DA:39,40
DA:44,45
DA:47,1
LF:7
LH:7
BRDA:34,0,0,2
BRDA:34,0,1,6
BRDA:44,1,0,1
BRDA:44,1,1,44
BRF:4
BRH:4
end_of_record
TN:
SF:src/logo/bookbuddy-logo-mywristhurts.png
FNF:0
FNH:0
LF:0
LH:0
BRF:0
BRH:0
end_of_record
TN:
SF:src/logo/noCoverFound.png
FNF:0
FNH:0
LF:0
LH:0
BRF:0
BRH:0
end_of_record
